  main.cpp
C:\Users\LENOVO\source\repos\kamar\interior\main.cpp(57,5): warning C4267: '=': conversion from 'size_t' to 'unsigned long', possible loss of data
C:\Users\LENOVO\source\repos\kamar\interior\main.cpp(63,5): warning C4267: '=': conversion from 'size_t' to 'unsigned long', possible loss of data
C:\Users\LENOVO\source\repos\kamar\interior\main.cpp(81,5): warning C4267: '=': conversion from 'size_t' to 'unsigned long', possible loss of data
C:\Users\LENOVO\source\repos\kamar\interior\main.cpp(98,5): warning C4267: '=': conversion from 'size_t' to 'unsigned long', possible loss of data
C:\Users\LENOVO\source\repos\kamar\interior\main.cpp(50,14): error C4996: 'fopen': This function or variable may be unsafe. Consider using fopen_s instead. To disable deprecation, use _CRT_SECURE_NO_WARNINGS. See online help for details.
C:\Users\LENOVO\source\repos\kamar\interior\main.cpp(121,5): error C2664: 'int ImageLoad(char *,Image *)': cannot convert argument 1 from 'const char [17]' to 'char *'
C:\Users\LENOVO\source\repos\kamar\interior\main.cpp(121,17): message : Conversion from string literal loses const qualifier (see /Zc:strictStrings)
C:\Users\LENOVO\source\repos\kamar\interior\main.cpp(40,5): message : see declaration of 'ImageLoad'
C:\Users\LENOVO\source\repos\kamar\interior\main.cpp(135,5): error C2664: 'int ImageLoad(char *,Image *)': cannot convert argument 1 from 'const char [25]' to 'char *'
C:\Users\LENOVO\source\repos\kamar\interior\main.cpp(135,17): message : Conversion from string literal loses const qualifier (see /Zc:strictStrings)
C:\Users\LENOVO\source\repos\kamar\interior\main.cpp(40,5): message : see declaration of 'ImageLoad'
C:\Users\LENOVO\source\repos\kamar\interior\main.cpp(149,5): error C2664: 'int ImageLoad(char *,Image *)': cannot convert argument 1 from 'const char [17]' to 'char *'
C:\Users\LENOVO\source\repos\kamar\interior\main.cpp(149,17): message : Conversion from string literal loses const qualifier (see /Zc:strictStrings)
C:\Users\LENOVO\source\repos\kamar\interior\main.cpp(40,5): message : see declaration of 'ImageLoad'
C:\Users\LENOVO\source\repos\kamar\interior\main.cpp(163,5): error C2664: 'int ImageLoad(char *,Image *)': cannot convert argument 1 from 'const char [18]' to 'char *'
C:\Users\LENOVO\source\repos\kamar\interior\main.cpp(163,17): message : Conversion from string literal loses const qualifier (see /Zc:strictStrings)
C:\Users\LENOVO\source\repos\kamar\interior\main.cpp(40,5): message : see declaration of 'ImageLoad'
C:\Users\LENOVO\source\repos\kamar\interior\main.cpp(177,5): error C2664: 'int ImageLoad(char *,Image *)': cannot convert argument 1 from 'const char [16]' to 'char *'
C:\Users\LENOVO\source\repos\kamar\interior\main.cpp(177,17): message : Conversion from string literal loses const qualifier (see /Zc:strictStrings)
C:\Users\LENOVO\source\repos\kamar\interior\main.cpp(40,5): message : see declaration of 'ImageLoad'
C:\Users\LENOVO\source\repos\kamar\interior\main.cpp(191,5): error C2664: 'int ImageLoad(char *,Image *)': cannot convert argument 1 from 'const char [19]' to 'char *'
C:\Users\LENOVO\source\repos\kamar\interior\main.cpp(191,17): message : Conversion from string literal loses const qualifier (see /Zc:strictStrings)
C:\Users\LENOVO\source\repos\kamar\interior\main.cpp(40,5): message : see declaration of 'ImageLoad'
C:\Users\LENOVO\source\repos\kamar\interior\main.cpp(205,5): error C2664: 'int ImageLoad(char *,Image *)': cannot convert argument 1 from 'const char [20]' to 'char *'
C:\Users\LENOVO\source\repos\kamar\interior\main.cpp(205,17): message : Conversion from string literal loses const qualifier (see /Zc:strictStrings)
C:\Users\LENOVO\source\repos\kamar\interior\main.cpp(40,5): message : see declaration of 'ImageLoad'
C:\Users\LENOVO\source\repos\kamar\interior\main.cpp(219,5): error C2664: 'int ImageLoad(char *,Image *)': cannot convert argument 1 from 'const char [18]' to 'char *'
C:\Users\LENOVO\source\repos\kamar\interior\main.cpp(219,17): message : Conversion from string literal loses const qualifier (see /Zc:strictStrings)
C:\Users\LENOVO\source\repos\kamar\interior\main.cpp(40,5): message : see declaration of 'ImageLoad'
C:\Users\LENOVO\source\repos\kamar\interior\main.cpp(233,5): error C2664: 'int ImageLoad(char *,Image *)': cannot convert argument 1 from 'const char [20]' to 'char *'
C:\Users\LENOVO\source\repos\kamar\interior\main.cpp(233,17): message : Conversion from string literal loses const qualifier (see /Zc:strictStrings)
C:\Users\LENOVO\source\repos\kamar\interior\main.cpp(40,5): message : see declaration of 'ImageLoad'
C:\Users\LENOVO\source\repos\kamar\interior\main.cpp(247,5): error C2664: 'int ImageLoad(char *,Image *)': cannot convert argument 1 from 'const char [19]' to 'char *'
C:\Users\LENOVO\source\repos\kamar\interior\main.cpp(247,17): message : Conversion from string literal loses const qualifier (see /Zc:strictStrings)
C:\Users\LENOVO\source\repos\kamar\interior\main.cpp(40,5): message : see declaration of 'ImageLoad'
C:\Users\LENOVO\source\repos\kamar\interior\main.cpp(689,36): warning C4305: 'argument': truncation from 'double' to 'float'
C:\Users\LENOVO\source\repos\kamar\interior\main.cpp(691,39): warning C4305: 'argument': truncation from 'double' to 'float'
C:\Users\LENOVO\source\repos\kamar\interior\main.cpp(692,39): warning C4305: 'argument': truncation from 'double' to 'float'
C:\Users\LENOVO\source\repos\kamar\interior\main.cpp(709,34): warning C4305: 'argument': truncation from 'double' to 'float'
C:\Users\LENOVO\source\repos\kamar\interior\main.cpp(710,34): warning C4305: 'argument': truncation from 'double' to 'float'
C:\Users\LENOVO\source\repos\kamar\interior\main.cpp(712,35): warning C4305: 'argument': truncation from 'double' to 'float'
C:\Users\LENOVO\source\repos\kamar\interior\main.cpp(714,40): warning C4305: 'argument': truncation from 'double' to 'float'
C:\Users\LENOVO\source\repos\kamar\interior\main.cpp(723,33): warning C4305: 'argument': truncation from 'double' to 'float'
C:\Users\LENOVO\source\repos\kamar\interior\main.cpp(724,36): warning C4305: 'argument': truncation from 'double' to 'float'
C:\Users\LENOVO\source\repos\kamar\interior\main.cpp(726,34): warning C4305: 'argument': truncation from 'double' to 'float'
C:\Users\LENOVO\source\repos\kamar\interior\main.cpp(728,42): warning C4305: 'argument': truncation from 'double' to 'float'
C:\Users\LENOVO\source\repos\kamar\interior\main.cpp(737,35): warning C4305: 'argument': truncation from 'double' to 'float'
C:\Users\LENOVO\source\repos\kamar\interior\main.cpp(739,40): warning C4305: 'argument': truncation from 'double' to 'float'
C:\Users\LENOVO\source\repos\kamar\interior\main.cpp(741,38): warning C4305: 'argument': truncation from 'double' to 'float'
C:\Users\LENOVO\source\repos\kamar\interior\main.cpp(743,38): warning C4305: 'argument': truncation from 'double' to 'float'
C:\Users\LENOVO\source\repos\kamar\interior\main.cpp(745,40): warning C4305: 'argument': truncation from 'double' to 'float'
C:\Users\LENOVO\source\repos\kamar\interior\main.cpp(747,37): warning C4305: 'argument': truncation from 'double' to 'float'
C:\Users\LENOVO\source\repos\kamar\interior\main.cpp(749,38): warning C4305: 'argument': truncation from 'double' to 'float'
C:\Users\LENOVO\source\repos\kamar\interior\main.cpp(751,36): warning C4305: 'argument': truncation from 'double' to 'float'
C:\Users\LENOVO\source\repos\kamar\interior\main.cpp(761,38): warning C4305: 'argument': truncation from 'double' to 'float'
C:\Users\LENOVO\source\repos\kamar\interior\main.cpp(763,40): warning C4305: 'argument': truncation from 'double' to 'float'
C:\Users\LENOVO\source\repos\kamar\interior\main.cpp(764,40): warning C4305: 'argument': truncation from 'double' to 'float'
C:\Users\LENOVO\source\repos\kamar\interior\main.cpp(765,36): warning C4305: 'argument': truncation from 'double' to 'float'
C:\Users\LENOVO\source\repos\kamar\interior\main.cpp(766,38): warning C4305: 'argument': truncation from 'double' to 'float'
C:\Users\LENOVO\source\repos\kamar\interior\main.cpp(768,36): warning C4305: 'argument': truncation from 'double' to 'float'
C:\Users\LENOVO\source\repos\kamar\interior\main.cpp(776,42): warning C4305: 'argument': truncation from 'double' to 'float'
C:\Users\LENOVO\source\repos\kamar\interior\main.cpp(784,39): warning C4305: 'argument': truncation from 'double' to 'float'
C:\Users\LENOVO\source\repos\kamar\interior\main.cpp(795,38): warning C4305: 'argument': truncation from 'double' to 'float'
C:\Users\LENOVO\source\repos\kamar\interior\main.cpp(797,40): warning C4305: 'argument': truncation from 'double' to 'float'
C:\Users\LENOVO\source\repos\kamar\interior\main.cpp(799,40): warning C4305: 'argument': truncation from 'double' to 'float'
C:\Users\LENOVO\source\repos\kamar\interior\main.cpp(801,38): warning C4305: 'argument': truncation from 'double' to 'float'
C:\Users\LENOVO\source\repos\kamar\interior\main.cpp(803,38): warning C4305: 'argument': truncation from 'double' to 'float'
C:\Users\LENOVO\source\repos\kamar\interior\main.cpp(805,38): warning C4305: 'argument': truncation from 'double' to 'float'
C:\Users\LENOVO\source\repos\kamar\interior\main.cpp(815,36): warning C4305: 'argument': truncation from 'double' to 'float'
C:\Users\LENOVO\source\repos\kamar\interior\main.cpp(817,36): warning C4305: 'argument': truncation from 'double' to 'float'
C:\Users\LENOVO\source\repos\kamar\interior\main.cpp(819,34): warning C4305: 'argument': truncation from 'double' to 'float'
C:\Users\LENOVO\source\repos\kamar\interior\main.cpp(821,36): warning C4305: 'argument': truncation from 'double' to 'float'
C:\Users\LENOVO\source\repos\kamar\interior\main.cpp(823,38): warning C4305: 'argument': truncation from 'double' to 'float'
C:\Users\LENOVO\source\repos\kamar\interior\main.cpp(825,33): warning C4305: 'argument': truncation from 'double' to 'float'
C:\Users\LENOVO\source\repos\kamar\interior\main.cpp(827,39): warning C4305: 'argument': truncation from 'double' to 'float'
C:\Users\LENOVO\source\repos\kamar\interior\main.cpp(835,36): warning C4305: 'argument': truncation from 'double' to 'float'
C:\Users\LENOVO\source\repos\kamar\interior\main.cpp(837,32): warning C4305: 'argument': truncation from 'double' to 'float'
C:\Users\LENOVO\source\repos\kamar\interior\main.cpp(840,34): warning C4305: 'argument': truncation from 'double' to 'float'
C:\Users\LENOVO\source\repos\kamar\interior\main.cpp(842,31): warning C4305: 'argument': truncation from 'double' to 'float'
C:\Users\LENOVO\source\repos\kamar\interior\main.cpp(844,35): warning C4305: 'argument': truncation from 'double' to 'float'
C:\Users\LENOVO\source\repos\kamar\interior\main.cpp(853,38): warning C4305: 'argument': truncation from 'double' to 'float'
C:\Users\LENOVO\source\repos\kamar\interior\main.cpp(855,35): warning C4305: 'argument': truncation from 'double' to 'float'
C:\Users\LENOVO\source\repos\kamar\interior\main.cpp(864,34): warning C4305: 'argument': truncation from 'double' to 'float'
C:\Users\LENOVO\source\repos\kamar\interior\main.cpp(866,36): warning C4305: 'argument': truncation from 'double' to 'float'
C:\Users\LENOVO\source\repos\kamar\interior\main.cpp(868,36): warning C4305: 'argument': truncation from 'double' to 'float'
C:\Users\LENOVO\source\repos\kamar\interior\main.cpp(870,36): warning C4305: 'argument': truncation from 'double' to 'float'
C:\Users\LENOVO\source\repos\kamar\interior\main.cpp(871,36): warning C4305: 'argument': truncation from 'double' to 'float'
C:\Users\LENOVO\source\repos\kamar\interior\main.cpp(879,32): warning C4305: 'argument': truncation from 'double' to 'float'
C:\Users\LENOVO\source\repos\kamar\interior\main.cpp(880,34): warning C4305: 'argument': truncation from 'double' to 'float'
C:\Users\LENOVO\source\repos\kamar\interior\main.cpp(889,36): warning C4305: 'argument': truncation from 'double' to 'float'
C:\Users\LENOVO\source\repos\kamar\interior\main.cpp(891,36): warning C4305: 'argument': truncation from 'double' to 'float'
C:\Users\LENOVO\source\repos\kamar\interior\main.cpp(893,36): warning C4305: 'argument': truncation from 'double' to 'float'
C:\Users\LENOVO\source\repos\kamar\interior\main.cpp(896,38): warning C4305: 'argument': truncation from 'double' to 'float'
C:\Users\LENOVO\source\repos\kamar\interior\main.cpp(898,38): warning C4305: 'argument': truncation from 'double' to 'float'
C:\Users\LENOVO\source\repos\kamar\interior\main.cpp(906,38): warning C4305: 'argument': truncation from 'double' to 'float'
C:\Users\LENOVO\source\repos\kamar\interior\main.cpp(908,38): warning C4305: 'argument': truncation from 'double' to 'float'
C:\Users\LENOVO\source\repos\kamar\interior\main.cpp(917,38): warning C4305: 'argument': truncation from 'double' to 'float'
C:\Users\LENOVO\source\repos\kamar\interior\main.cpp(919,32): warning C4305: 'argument': truncation from 'double' to 'float'
C:\Users\LENOVO\source\repos\kamar\interior\main.cpp(928,38): warning C4305: 'argument': truncation from 'double' to 'float'
C:\Users\LENOVO\source\repos\kamar\interior\main.cpp(930,38): warning C4305: 'argument': truncation from 'double' to 'float'
C:\Users\LENOVO\source\repos\kamar\interior\main.cpp(931,38): warning C4305: 'argument': truncation from 'double' to 'float'
C:\Users\LENOVO\source\repos\kamar\interior\main.cpp(932,36): warning C4305: 'argument': truncation from 'double' to 'float'
C:\Users\LENOVO\source\repos\kamar\interior\main.cpp(933,39): warning C4305: 'argument': truncation from 'double' to 'float'
C:\Users\LENOVO\source\repos\kamar\interior\main.cpp(934,39): warning C4305: 'argument': truncation from 'double' to 'float'
