  main.cpp
C:\Users\LENOVO\source\repos\kamar\interior\main.cpp(193,36): warning C4305: 'argument': truncation from 'double' to 'float'
C:\Users\LENOVO\source\repos\kamar\interior\main.cpp(195,39): warning C4305: 'argument': truncation from 'double' to 'float'
C:\Users\LENOVO\source\repos\kamar\interior\main.cpp(196,39): warning C4305: 'argument': truncation from 'double' to 'float'
C:\Users\LENOVO\source\repos\kamar\interior\main.cpp(213,34): warning C4305: 'argument': truncation from 'double' to 'float'
C:\Users\LENOVO\source\repos\kamar\interior\main.cpp(214,34): warning C4305: 'argument': truncation from 'double' to 'float'
C:\Users\LENOVO\source\repos\kamar\interior\main.cpp(216,35): warning C4305: 'argument': truncation from 'double' to 'float'
C:\Users\LENOVO\source\repos\kamar\interior\main.cpp(218,40): warning C4305: 'argument': truncation from 'double' to 'float'
C:\Users\LENOVO\source\repos\kamar\interior\main.cpp(227,33): warning C4305: 'argument': truncation from 'double' to 'float'
C:\Users\LENOVO\source\repos\kamar\interior\main.cpp(228,36): warning C4305: 'argument': truncation from 'double' to 'float'
C:\Users\LENOVO\source\repos\kamar\interior\main.cpp(230,34): warning C4305: 'argument': truncation from 'double' to 'float'
C:\Users\LENOVO\source\repos\kamar\interior\main.cpp(232,42): warning C4305: 'argument': truncation from 'double' to 'float'
C:\Users\LENOVO\source\repos\kamar\interior\main.cpp(242,35): warning C4305: 'argument': truncation from 'double' to 'float'
C:\Users\LENOVO\source\repos\kamar\interior\main.cpp(244,40): warning C4305: 'argument': truncation from 'double' to 'float'
C:\Users\LENOVO\source\repos\kamar\interior\main.cpp(246,38): warning C4305: 'argument': truncation from 'double' to 'float'
C:\Users\LENOVO\source\repos\kamar\interior\main.cpp(248,38): warning C4305: 'argument': truncation from 'double' to 'float'
C:\Users\LENOVO\source\repos\kamar\interior\main.cpp(250,40): warning C4305: 'argument': truncation from 'double' to 'float'
C:\Users\LENOVO\source\repos\kamar\interior\main.cpp(252,37): warning C4305: 'argument': truncation from 'double' to 'float'
C:\Users\LENOVO\source\repos\kamar\interior\main.cpp(254,38): warning C4305: 'argument': truncation from 'double' to 'float'
C:\Users\LENOVO\source\repos\kamar\interior\main.cpp(256,36): warning C4305: 'argument': truncation from 'double' to 'float'
C:\Users\LENOVO\source\repos\kamar\interior\main.cpp(266,38): warning C4305: 'argument': truncation from 'double' to 'float'
C:\Users\LENOVO\source\repos\kamar\interior\main.cpp(268,40): warning C4305: 'argument': truncation from 'double' to 'float'
C:\Users\LENOVO\source\repos\kamar\interior\main.cpp(269,40): warning C4305: 'argument': truncation from 'double' to 'float'
C:\Users\LENOVO\source\repos\kamar\interior\main.cpp(270,36): warning C4305: 'argument': truncation from 'double' to 'float'
C:\Users\LENOVO\source\repos\kamar\interior\main.cpp(271,38): warning C4305: 'argument': truncation from 'double' to 'float'
C:\Users\LENOVO\source\repos\kamar\interior\main.cpp(273,36): warning C4305: 'argument': truncation from 'double' to 'float'
C:\Users\LENOVO\source\repos\kamar\interior\main.cpp(281,42): warning C4305: 'argument': truncation from 'double' to 'float'
C:\Users\LENOVO\source\repos\kamar\interior\main.cpp(289,39): warning C4305: 'argument': truncation from 'double' to 'float'
C:\Users\LENOVO\source\repos\kamar\interior\main.cpp(300,38): warning C4305: 'argument': truncation from 'double' to 'float'
C:\Users\LENOVO\source\repos\kamar\interior\main.cpp(302,40): warning C4305: 'argument': truncation from 'double' to 'float'
C:\Users\LENOVO\source\repos\kamar\interior\main.cpp(304,40): warning C4305: 'argument': truncation from 'double' to 'float'
C:\Users\LENOVO\source\repos\kamar\interior\main.cpp(306,38): warning C4305: 'argument': truncation from 'double' to 'float'
C:\Users\LENOVO\source\repos\kamar\interior\main.cpp(308,38): warning C4305: 'argument': truncation from 'double' to 'float'
C:\Users\LENOVO\source\repos\kamar\interior\main.cpp(310,38): warning C4305: 'argument': truncation from 'double' to 'float'
C:\Users\LENOVO\source\repos\kamar\interior\main.cpp(320,38): warning C4305: 'argument': truncation from 'double' to 'float'
C:\Users\LENOVO\source\repos\kamar\interior\main.cpp(322,35): warning C4305: 'argument': truncation from 'double' to 'float'
C:\Users\LENOVO\source\repos\kamar\interior\main.cpp(331,34): warning C4305: 'argument': truncation from 'double' to 'float'
C:\Users\LENOVO\source\repos\kamar\interior\main.cpp(333,36): warning C4305: 'argument': truncation from 'double' to 'float'
C:\Users\LENOVO\source\repos\kamar\interior\main.cpp(335,36): warning C4305: 'argument': truncation from 'double' to 'float'
C:\Users\LENOVO\source\repos\kamar\interior\main.cpp(337,36): warning C4305: 'argument': truncation from 'double' to 'float'
C:\Users\LENOVO\source\repos\kamar\interior\main.cpp(338,36): warning C4305: 'argument': truncation from 'double' to 'float'
C:\Users\LENOVO\source\repos\kamar\interior\main.cpp(346,32): warning C4305: 'argument': truncation from 'double' to 'float'
C:\Users\LENOVO\source\repos\kamar\interior\main.cpp(347,34): warning C4305: 'argument': truncation from 'double' to 'float'
C:\Users\LENOVO\source\repos\kamar\interior\main.cpp(356,36): warning C4305: 'argument': truncation from 'double' to 'float'
C:\Users\LENOVO\source\repos\kamar\interior\main.cpp(358,36): warning C4305: 'argument': truncation from 'double' to 'float'
C:\Users\LENOVO\source\repos\kamar\interior\main.cpp(360,36): warning C4305: 'argument': truncation from 'double' to 'float'
C:\Users\LENOVO\source\repos\kamar\interior\main.cpp(363,38): warning C4305: 'argument': truncation from 'double' to 'float'
C:\Users\LENOVO\source\repos\kamar\interior\main.cpp(365,38): warning C4305: 'argument': truncation from 'double' to 'float'
C:\Users\LENOVO\source\repos\kamar\interior\main.cpp(373,38): warning C4305: 'argument': truncation from 'double' to 'float'
C:\Users\LENOVO\source\repos\kamar\interior\main.cpp(375,38): warning C4305: 'argument': truncation from 'double' to 'float'
C:\Users\LENOVO\source\repos\kamar\interior\main.cpp(384,38): warning C4305: 'argument': truncation from 'double' to 'float'
C:\Users\LENOVO\source\repos\kamar\interior\main.cpp(386,32): warning C4305: 'argument': truncation from 'double' to 'float'
C:\Users\LENOVO\source\repos\kamar\interior\main.cpp(395,38): warning C4305: 'argument': truncation from 'double' to 'float'
C:\Users\LENOVO\source\repos\kamar\interior\main.cpp(397,38): warning C4305: 'argument': truncation from 'double' to 'float'
C:\Users\LENOVO\source\repos\kamar\interior\main.cpp(398,38): warning C4305: 'argument': truncation from 'double' to 'float'
C:\Users\LENOVO\source\repos\kamar\interior\main.cpp(399,36): warning C4305: 'argument': truncation from 'double' to 'float'
C:\Users\LENOVO\source\repos\kamar\interior\main.cpp(400,39): warning C4305: 'argument': truncation from 'double' to 'float'
C:\Users\LENOVO\source\repos\kamar\interior\main.cpp(401,39): warning C4305: 'argument': truncation from 'double' to 'float'
  Generating code
  1 of 8 functions (12.5%) were compiled, the rest were copied from previous compilation.
    0 functions were new in current compilation
    1 functions had inline decision re-evaluated but remain unchanged
  Finished generating code
  interior.vcxproj -> C:\Users\LENOVO\source\repos\kamar\x64\Release\interior.exe
